# JRE version: OpenJDK Runtime Environment (21.0.3) (build 21.0.3+-12282718-b509.11)
# Java VM: OpenJDK 64-Bit Server VM (21.0.3+-12282718-b509.11, mixed mode, tiered, compressed oops, compressed class ptrs, g1 gc, windows-amd64)
GC Precious Log:
 CardTable entry size: 512
 Card Set container configuration: InlinePtr #cards 5 size 8 Array Of Cards #cards 12 size 40 Howl #buckets 4 coarsen threshold 1843 Howl Bitmap #cards 512 size 80 coarsen threshold 460 Card regions per heap region 1 cards per card region 2048
 CPUs: 4 total, 4 available
 Memory: 8076M
 Large Page Support: Disabled
 NUMA Support: Disabled
 Compressed Oops: Enabled (32-bit)
 Heap Region Size: 1M
 Heap Min Capacity: 8M
 Heap Initial Capacity: 128M
 Heap Max Capacity: 2G
 Pre-touch: Disabled
 Parallel Workers: 4
 Concurrent Workers: 1
 Concurrent Refinement Workers: 4
 Periodic GC: Disabled
Heap:
 garbage-first heap   total 427008K, used 196241K [0x0000000080000000, 0x0000000100000000)
  region size 1024K, 41 young (41984K), 20 survivors (20480K)
 Metaspace       used 181077K, committed 182720K, reserved 1245184K
  class space    used 22771K, committed 23680K, reserved 1048576K
GC Heap History (20 events):
Event: 11655.811 GC heap before
{Heap before GC invocations=109 (full 1):
 garbage-first heap   total 427008K, used 275068K [0x0000000080000000, 0x0000000100000000)
  region size 1024K, 120 young (122880K), 15 survivors (15360K)
 Metaspace       used 180039K, committed 181632K, reserved 1245184K
  class space    used 22720K, committed 23680K, reserved 1048576K
}
Event: 11655.936 GC heap after
{Heap after GC invocations=110 (full 1):
 garbage-first heap   total 427008K, used 172734K [0x0000000080000000, 0x0000000100000000)
  region size 1024K, 6 young (6144K), 6 survivors (6144K)
 Metaspace       used 180039K, committed 181632K, reserved 1245184K
  class space    used 22720K, committed 23680K, reserved 1048576K
}
Event: 12629.844 GC heap before
{Heap before GC invocations=110 (full 1):
 garbage-first heap   total 427008K, used 379582K [0x0000000080000000, 0x0000000100000000)
  region size 1024K, 209 young (214016K), 6 survivors (6144K)
 Metaspace       used 180131K, committed 181760K, reserved 1245184K
  class space    used 22723K, committed 23680K, reserved 1048576K
}
Event: 12629.944 GC heap after
{Heap after GC invocations=111 (full 1):
 garbage-first heap   total 427008K, used 176682K [0x0000000080000000, 0x0000000100000000)
  region size 1024K, 10 young (10240K), 10 survivors (10240K)
 Metaspace       used 180131K, committed 181760K, reserved 1245184K
  class space    used 22723K, committed 23680K, reserved 1048576K
}
Event: 12662.253 GC heap before
{Heap before GC invocations=111 (full 1):
 garbage-first heap   total 427008K, used 383530K [0x0000000080000000, 0x0000000100000000)
  region size 1024K, 213 young (218112K), 10 survivors (10240K)
 Metaspace       used 180285K, committed 181952K, reserved 1245184K
  class space    used 22730K, committed 23680K, reserved 1048576K
}
Event: 12662.306 GC heap after
{Heap after GC invocations=112 (full 1):
 garbage-first heap   total 427008K, used 182974K [0x0000000080000000, 0x0000000100000000)
  region size 1024K, 16 young (16384K), 16 survivors (16384K)
 Metaspace       used 180285K, committed 181952K, reserved 1245184K
  class space    used 22730K, committed 23680K, reserved 1048576K
}
Event: 12701.297 GC heap before
{Heap before GC invocations=113 (full 1):
 garbage-first heap   total 427008K, used 366270K [0x0000000080000000, 0x0000000100000000)
  region size 1024K, 213 young (218112K), 16 survivors (16384K)
 Metaspace       used 180362K, committed 181952K, reserved 1245184K
  class space    used 22734K, committed 23680K, reserved 1048576K
}
Event: 12701.359 GC heap after
{Heap after GC invocations=114 (full 1):
 garbage-first heap   total 427008K, used 166117K [0x0000000080000000, 0x0000000100000000)
  region size 1024K, 15 young (15360K), 15 survivors (15360K)
 Metaspace       used 180362K, committed 181952K, reserved 1245184K
  class space    used 22734K, committed 23680K, reserved 1048576K
}
Event: 12979.574 GC heap before
{Heap before GC invocations=114 (full 1):
 garbage-first heap   total 427008K, used 380133K [0x0000000080000000, 0x0000000100000000)
  region size 1024K, 225 young (230400K), 15 survivors (15360K)
 Metaspace       used 180528K, committed 182144K, reserved 1245184K
  class space    used 22735K, committed 23680K, reserved 1048576K
}
Event: 12979.608 GC heap after
{Heap after GC invocations=115 (full 1):
 garbage-first heap   total 427008K, used 150436K [0x0000000080000000, 0x0000000100000000)
  region size 1024K, 3 young (3072K), 3 survivors (3072K)
 Metaspace       used 180528K, committed 182144K, reserved 1245184K
  class space    used 22735K, committed 23680K, reserved 1048576K
}
Event: 13034.789 GC heap before
{Heap before GC invocations=115 (full 1):
 garbage-first heap   total 427008K, used 385956K [0x0000000080000000, 0x0000000100000000)
  region size 1024K, 234 young (239616K), 3 survivors (3072K)
 Metaspace       used 180697K, committed 182272K, reserved 1245184K
  class space    used 22743K, committed 23680K, reserved 1048576K
}
Event: 13034.845 GC heap after
{Heap after GC invocations=116 (full 1):
 garbage-first heap   total 427008K, used 159140K [0x0000000080000000, 0x0000000100000000)
  region size 1024K, 11 young (11264K), 11 survivors (11264K)
 Metaspace       used 180697K, committed 182272K, reserved 1245184K
  class space    used 22743K, committed 23680K, reserved 1048576K
}
Event: 13120.784 GC heap before
{Heap before GC invocations=117 (full 1):
 garbage-first heap   total 427008K, used 379300K [0x0000000080000000, 0x0000000100000000)
  region size 1024K, 235 young (240640K), 11 survivors (11264K)
 Metaspace       used 180747K, committed 182336K, reserved 1245184K
  class space    used 22743K, committed 23680K, reserved 1048576K
}
Event: 13120.839 GC heap after
{Heap after GC invocations=118 (full 1):
 garbage-first heap   total 427008K, used 155044K [0x0000000080000000, 0x0000000100000000)
  region size 1024K, 15 young (15360K), 15 survivors (15360K)
 Metaspace       used 180747K, committed 182336K, reserved 1245184K
  class space    used 22743K, committed 23680K, reserved 1048576K
}
Event: 13358.377 GC heap before
{Heap before GC invocations=118 (full 1):
 garbage-first heap   total 427008K, used 264612K [0x0000000080000000, 0x0000000100000000)
  region size 1024K, 123 young (125952K), 15 survivors (15360K)
 Metaspace       used 180778K, committed 182400K, reserved 1245184K
  class space    used 22743K, committed 23680K, reserved 1048576K
}
Event: 13358.461 GC heap after
{Heap after GC invocations=119 (full 1):
 garbage-first heap   total 427008K, used 161982K [0x0000000080000000, 0x0000000100000000)
  region size 1024K, 10 young (10240K), 10 survivors (10240K)
 Metaspace       used 180778K, committed 182400K, reserved 1245184K
  class space    used 22743K, committed 23680K, reserved 1048576K
}
Event: 13413.365 GC heap before
{Heap before GC invocations=119 (full 1):
 garbage-first heap   total 427008K, used 320702K [0x0000000080000000, 0x0000000100000000)
  region size 1024K, 166 young (169984K), 10 survivors (10240K)
 Metaspace       used 180835K, committed 182528K, reserved 1245184K
  class space    used 22744K, committed 23680K, reserved 1048576K
}
Event: 13413.400 GC heap after
{Heap after GC invocations=120 (full 1):
 garbage-first heap   total 427008K, used 160397K [0x0000000080000000, 0x0000000100000000)
  region size 1024K, 9 young (9216K), 9 survivors (9216K)
 Metaspace       used 180835K, committed 182528K, reserved 1245184K
  class space    used 22744K, committed 23680K, reserved 1048576K
}
Event: 13425.665 GC heap before
{Heap before GC invocations=120 (full 1):
 garbage-first heap   total 427008K, used 364173K [0x0000000080000000, 0x0000000100000000)
  region size 1024K, 210 young (215040K), 9 survivors (9216K)
 Metaspace       used 181035K, committed 182656K, reserved 1245184K
  class space    used 22764K, committed 23680K, reserved 1048576K
}
Event: 13425.735 GC heap after
{Heap after GC invocations=121 (full 1):
 garbage-first heap   total 427008K, used 171665K [0x0000000080000000, 0x0000000100000000)
  region size 1024K, 20 young (20480K), 20 survivors (20480K)
 Metaspace       used 181035K, committed 182656K, reserved 1245184K
  class space    used 22764K, committed 23680K, reserved 1048576K
}

